c:\users\lenovo\documents\visual studio 2010\projects\skullrepair\skullrepair\release\main.obj
c:\users\lenovo\documents\visual studio 2010\projects\skullrepair\skullrepair\release\insertpoints.obj
c:\users\lenovo\documents\visual studio 2010\projects\skullrepair\skullrepair\release\igeometry.obj
c:\users\lenovo\documents\visual studio 2010\projects\skullrepair\skullrepair\release\wavefront.obj
c:\users\lenovo\documents\visual studio 2010\projects\skullrepair\skullrepair\release\edgepicking.obj
c:\users\lenovo\documents\visual studio 2010\projects\skullrepair\skullrepair\release\vc100.pdb
c:\users\lenovo\documents\visual studio 2010\projects\skullrepair\skullrepair\release\linequ.obj
c:\users\lenovo\documents\visual studio 2010\projects\skullrepair\release\skullrepair.exe
c:\users\lenovo\documents\visual studio 2010\projects\skullrepair\skullrepair\release\skullrepair.exe.intermediate.manifest
c:\users\lenovo\documents\visual studio 2010\projects\skullrepair\release\skullrepair.pdb
d:\prp\skullrepair\skullrepair\skullrepair\release\edgepicking.obj
d:\prp\skullrepair\skullrepair\skullrepair\release\igeometry.obj
d:\prp\skullrepair\skullrepair\skullrepair\release\insertpoints.obj
d:\prp\skullrepair\skullrepair\skullrepair\release\linequ.obj
d:\prp\skullrepair\skullrepair\skullrepair\release\main.obj
d:\prp\skullrepair\skullrepair\skullrepair\release\wavefront.obj
d:\prp\skullrepair\skullrepair\skullrepair\release\cl.command.1.tlog
d:\prp\skullrepair\skullrepair\skullrepair\release\cl.read.1.tlog
d:\prp\skullrepair\skullrepair\skullrepair\release\cl.write.1.tlog
d:\prp\skullrepair\skullrepair\skullrepair\release\link.command.1.tlog
d:\prp\skullrepair\skullrepair\skullrepair\release\link.read.1.tlog
d:\prp\skullrepair\skullrepair\skullrepair\release\link.write.1.tlog
d:\prp\skullrepair\skullrepair\skullrepair\release\mt.command.1.tlog
d:\prp\skullrepair\skullrepair\skullrepair\release\mt.read.1.tlog
d:\prp\skullrepair\skullrepair\skullrepair\release\mt.write.1.tlog
d:\prp\skullrepair\skullrepair\skullrepair\release\skullrepair.exe.intermediate.manifest
d:\prp\skullrepair\skullrepair\skullrepair\release\vc100.pdb
d:\prp\skullrepair\skullrepair\skullrepair\release\vc120.pdb
d:\prp\skullrepair\skullrepair\release\skullrepair.pdb
d:\prp\skullrepair\skullrepair\release\skullrepair.exe
d:\prp\skullrepair\skullrepair\skullrepair\release\skullrepair.tlog\cl.command.1.tlog
